2019/06/20 20:36:36 Starting cygwin install, version 2.897
2019/06/20 20:36:36 User has backup/restore rights
2019/06/20 20:36:36 io_stream_cygfile: fopen(/etc/setup/setup.rc) failed 2 No such file or directory
2019/06/20 20:36:36 Current Directory: D:\Usb\temp\Cygwin
2019/06/20 20:36:36 Could not open service McShield for query, start and stop. McAfee may not be installed, or we don't have access.
2019/06/20 20:36:39 source: download
2019/06/20 20:36:47 Selected local directory: D:\Usb\temp\Cygwin
2019/06/20 20:36:49 net: Preconfig
2019/06/20 20:37:01 site: ftp://ftp.twaren.net/Unix/sourceware.org/cygwin/
2019/06/20 20:37:12 connection error: 550 Failed to change directory.   fetching ftp://ftp.twaren.net/Unix/sourceware.org/cygwin/x86_64/setup.zst.sig
2019/06/20 20:37:23 connection error: 550 Failed to change directory.   fetching ftp://ftp.twaren.net/Unix/sourceware.org/cygwin/x86_64/setup.zst
2019/06/20 20:37:38 io_stream_cygfile: fopen(/etc/setup/timestamp) failed 2 No such file or directory
2019/06/20 20:37:38 io_stream_cygfile: fopen(/etc/setup/installed.db) failed 2 No such file or directory
2019/06/20 20:37:40 solving: 37 tasks, update: yes, use test packages: no
2019/06/20 20:38:38 solving: 71 tasks, update: no, use test packages: no
2019/06/20 20:38:38 Augmented Transaction List:
2019/06/20 20:38:38    0 install                                     base-cygwin               3.8-1
2019/06/20 20:38:38    1 install                                          cygwin             3.0.7-1
2019/06/20 20:38:38    2 install                                  libpopt-common              1.16-2
2019/06/20 20:38:38    3 install                                        terminfo     6.0-12.20171125
2019/06/20 20:38:38    4 install                                          tzdata             2018i-1
2019/06/20 20:38:38    5 install                                           zlib0            1.2.11-1
2019/06/20 20:38:38    6 install                                           which              2.20-2
2019/06/20 20:38:38    7 install                                             run             1.3.4-2
2019/06/20 20:38:38    8 install                                          mintty             3.0.1-1
2019/06/20 20:38:38    9 install                                           login              1.13-1
2019/06/20 20:38:38   10 install                                      libtasn1_6              4.13-1
2019/06/20 20:38:38   11 install                                     libsigsegv2              2.10-2
2019/06/20 20:38:38   12 install                                    libpipeline1             1.4.0-1
2019/06/20 20:38:38   13 install                                        libpcre1              8.43-1
2019/06/20 20:38:38   14 install                                        liblzma5             5.2.3-1
2019/06/20 20:38:38   15 install                                       libiconv2              1.14-3
2019/06/20 20:38:38   16 install                                        libgmp10             6.1.2-1
2019/06/20 20:38:38   17 install                                         libgcc1             7.4.0-1
2019/06/20 20:38:38   18 install                                         libffi6             3.2.1-2
2019/06/20 20:38:38   19 install                                        libbz2_1             1.0.6-3
2019/06/20 20:38:38   20 install                                         libargp          20110921-3
2019/06/20 20:38:38   21 install                                       ipc-utils               1.0-2
2019/06/20 20:38:38   22 install                                        hostname              3.13-1
2019/06/20 20:38:38   23 install                                      editrights              1.03-1
2019/06/20 20:38:38   24 install                                            dash           0.5.9.1-1
2019/06/20 20:38:38   25 install                                   libncursesw10     6.0-12.20171125
2019/06/20 20:38:38   26 install                                            file              5.32-1
2019/06/20 20:38:38   27 install                                        libintl8          0.19.8.1-2
2019/06/20 20:38:38   28 install                                      libstdc++6             7.4.0-1
2019/06/20 20:38:38   29 install                                        libmpfr6             4.0.2-1
2019/06/20 20:38:38   30 install                                          getent           2.18.90-4
2019/06/20 20:38:38   31 install                                     _autorebase            001007-1
2019/06/20 20:38:38   32 install                                     vim-minimal          8.1.1240-1
2019/06/20 20:38:38   33 install                                         ncurses     6.0-12.20171125
2019/06/20 20:38:38   34 install                                    libreadline7             7.0.3-3
2019/06/20 20:38:38   35 install                                            less               530-1
2019/06/20 20:38:38   36 install                                             sed               4.4-1
2019/06/20 20:38:38   37 install                                        libuuid1            2.33.1-1
2019/06/20 20:38:38   38 install                                   libsmartcols1            2.33.1-1
2019/06/20 20:38:38   39 install                                        libpopt0              1.16-2
2019/06/20 20:38:38   40 install                                     libp11-kit0           0.23.15-1
2019/06/20 20:38:38   41 install                                        libiconv              1.14-3
2019/06/20 20:38:38   42 install                                        libgdbm4              1.12-1
2019/06/20 20:38:38   43 install                                        libattr1            2.4.48-2
2019/06/20 20:38:38   44 install                                            info               6.6-1
2019/06/20 20:38:38   45 install                                       diffutils               3.5-2
2019/06/20 20:38:38   46 install                                    alternatives          1.3.30c-10
2019/06/20 20:38:38   47 install                                            gawk             5.0.1-1
2019/06/20 20:38:38   48 install                                       libblkid1            2.33.1-1
2019/06/20 20:38:38   49 install                                        cygutils            1.4.16-2
2019/06/20 20:38:38   50 install                                   p11-kit-trust           0.23.15-1
2019/06/20 20:38:38   51 install                                         p11-kit           0.23.15-1
2019/06/20 20:38:38   52 install                                       coreutils              8.26-2
2019/06/20 20:38:38   53 install                                       libfdisk1            2.33.1-1
2019/06/20 20:38:38   54 install                                            bash            4.4.12-3
2019/06/20 20:38:38   55 install                                      util-linux            2.33.1-1
2019/06/20 20:38:38   56 install                                          tzcode             2018i-1
2019/06/20 20:38:38   57 install                                              xz             5.2.3-1
2019/06/20 20:38:38   58 install                                            gzip               1.8-1
2019/06/20 20:38:38   59 install                                           groff            1.22.4-1
2019/06/20 20:38:38   60 install                                            grep               3.0-2
2019/06/20 20:38:38   61 install                                       findutils             4.6.0-1
2019/06/20 20:38:38   62 install                                 crypto-policies          20190218-1
2019/06/20 20:38:38   63 install                                 ca-certificates              2.30-1
2019/06/20 20:38:38   64 install                                           bzip2             1.0.6-3
2019/06/20 20:38:38   65 install                                          man-db           2.7.6.1-1
2019/06/20 20:38:38   66 install                                          rebase             4.4.4-1
2019/06/20 20:38:38   67 install                                      base-files               4.3-2
2019/06/20 20:38:38   68 install                                       libssl1.1            1.1.1b-1
2019/06/20 20:38:38   69 install                                             tar              1.29-1
2019/06/20 20:38:38   70 install                                         openssl            1.1.1b-1
2019/06/20 20:38:42 Downloaded D:\Usb\temp\Cygwin/ftp%3a%2f%2fftp.twaren.net%2fUnix%2fsourceware.org%2fcygwin%2f/noarch/release/base-cygwin/base-cygwin-3.8-1.tar.xz
2019/06/20 20:38:52 Downloaded D:\Usb\temp\Cygwin/ftp%3a%2f%2fftp.twaren.net%2fUnix%2fsourceware.org%2fcygwin%2f/x86_64/release/cygwin/cygwin-3.0.7-1.tar.xz
2019/06/20 20:38:54 Downloaded D:\Usb\temp\Cygwin/ftp%3a%2f%2fftp.twaren.net%2fUnix%2fsourceware.org%2fcygwin%2f/x86_64/release/popt/libpopt-common/libpopt-common-1.16-2.tar.xz
2019/06/20 20:38:57 Downloaded D:\Usb\temp\Cygwin/ftp%3a%2f%2fftp.twaren.net%2fUnix%2fsourceware.org%2fcygwin%2f/x86_64/release/ncurses/terminfo/terminfo-6.0-12.20171125.tar.xz
2019/06/20 20:39:00 Downloaded D:\Usb\temp\Cygwin/ftp%3a%2f%2fftp.twaren.net%2fUnix%2fsourceware.org%2fcygwin%2f/noarch/release/tzdata/tzdata-2018i-1.tar.xz
2019/06/20 20:39:03 Downloaded D:\Usb\temp\Cygwin/ftp%3a%2f%2fftp.twaren.net%2fUnix%2fsourceware.org%2fcygwin%2f/x86_64/release/zlib/zlib0/zlib0-1.2.11-1.tar.xz
2019/06/20 20:39:05 Downloaded D:\Usb\temp\Cygwin/ftp%3a%2f%2fftp.twaren.net%2fUnix%2fsourceware.org%2fcygwin%2f/x86_64/release/which/which-2.20-2.tar.bz2
2019/06/20 20:39:08 Downloaded D:\Usb\temp\Cygwin/ftp%3a%2f%2fftp.twaren.net%2fUnix%2fsourceware.org%2fcygwin%2f/x86_64/release/run/run-1.3.4-2.tar.xz
2019/06/20 20:39:13 Downloaded D:\Usb\temp\Cygwin/ftp%3a%2f%2fftp.twaren.net%2fUnix%2fsourceware.org%2fcygwin%2f/x86_64/release/mintty/mintty-3.0.1-1.tar.xz
2019/06/20 20:39:15 Downloaded D:\Usb\temp\Cygwin/ftp%3a%2f%2fftp.twaren.net%2fUnix%2fsourceware.org%2fcygwin%2f/x86_64/release/login/login-1.13-1.tar.xz
2019/06/20 20:39:18 Downloaded D:\Usb\temp\Cygwin/ftp%3a%2f%2fftp.twaren.net%2fUnix%2fsourceware.org%2fcygwin%2f/x86_64/release/libtasn1/libtasn1_6/libtasn1_6-4.13-1.tar.xz
2019/06/20 20:39:20 Downloaded D:\Usb\temp\Cygwin/ftp%3a%2f%2fftp.twaren.net%2fUnix%2fsourceware.org%2fcygwin%2f/x86_64/release/libsigsegv/libsigsegv2/libsigsegv2-2.10-2.tar.xz
2019/06/20 20:39:22 Downloaded D:\Usb\temp\Cygwin/ftp%3a%2f%2fftp.twaren.net%2fUnix%2fsourceware.org%2fcygwin%2f/x86_64/release/libpipeline/libpipeline1/libpipeline1-1.4.0-1.tar.xz
2019/06/20 20:39:25 Downloaded D:\Usb\temp\Cygwin/ftp%3a%2f%2fftp.twaren.net%2fUnix%2fsourceware.org%2fcygwin%2f/x86_64/release/pcre/libpcre1/libpcre1-8.43-1.tar.xz
2019/06/20 20:39:28 Downloaded D:\Usb\temp\Cygwin/ftp%3a%2f%2fftp.twaren.net%2fUnix%2fsourceware.org%2fcygwin%2f/x86_64/release/xz/liblzma5/liblzma5-5.2.3-1.tar.xz
2019/06/20 20:39:33 Downloaded D:\Usb\temp\Cygwin/ftp%3a%2f%2fftp.twaren.net%2fUnix%2fsourceware.org%2fcygwin%2f/x86_64/release/libiconv/libiconv2/libiconv2-1.14-3.tar.xz
2019/06/20 20:39:36 Downloaded D:\Usb\temp\Cygwin/ftp%3a%2f%2fftp.twaren.net%2fUnix%2fsourceware.org%2fcygwin%2f/x86_64/release/gmp/libgmp10/libgmp10-6.1.2-1.tar.xz
2019/06/20 20:39:39 Downloaded D:\Usb\temp\Cygwin/ftp%3a%2f%2fftp.twaren.net%2fUnix%2fsourceware.org%2fcygwin%2f/x86_64/release/gcc/libgcc1/libgcc1-7.4.0-1.tar.xz
2019/06/20 20:39:42 Downloaded D:\Usb\temp\Cygwin/ftp%3a%2f%2fftp.twaren.net%2fUnix%2fsourceware.org%2fcygwin%2f/x86_64/release/libffi/libffi6/libffi6-3.2.1-2.tar.xz
2019/06/20 20:39:44 Downloaded D:\Usb\temp\Cygwin/ftp%3a%2f%2fftp.twaren.net%2fUnix%2fsourceware.org%2fcygwin%2f/x86_64/release/bzip2/libbz2_1/libbz2_1-1.0.6-3.tar.xz
2019/06/20 20:39:46 Downloaded D:\Usb\temp\Cygwin/ftp%3a%2f%2fftp.twaren.net%2fUnix%2fsourceware.org%2fcygwin%2f/x86_64/release/libargp/libargp-20110921-3.tar.xz
2019/06/20 20:39:49 Downloaded D:\Usb\temp\Cygwin/ftp%3a%2f%2fftp.twaren.net%2fUnix%2fsourceware.org%2fcygwin%2f/x86_64/release/ipc-utils/ipc-utils-1.0-2.tar.bz2
2019/06/20 20:39:51 Downloaded D:\Usb\temp\Cygwin/ftp%3a%2f%2fftp.twaren.net%2fUnix%2fsourceware.org%2fcygwin%2f/x86_64/release/hostname/hostname-3.13-1.tar.bz2
2019/06/20 20:39:53 Downloaded D:\Usb\temp\Cygwin/ftp%3a%2f%2fftp.twaren.net%2fUnix%2fsourceware.org%2fcygwin%2f/x86_64/release/editrights/editrights-1.03-1.tar.xz
2019/06/20 20:39:56 Downloaded D:\Usb\temp\Cygwin/ftp%3a%2f%2fftp.twaren.net%2fUnix%2fsourceware.org%2fcygwin%2f/x86_64/release/dash/dash-0.5.9.1-1.tar.xz
2019/06/20 20:39:59 Downloaded D:\Usb\temp\Cygwin/ftp%3a%2f%2fftp.twaren.net%2fUnix%2fsourceware.org%2fcygwin%2f/x86_64/release/ncurses/libncursesw10/libncursesw10-6.0-12.20171125.tar.xz
2019/06/20 20:40:03 Downloaded D:\Usb\temp\Cygwin/ftp%3a%2f%2fftp.twaren.net%2fUnix%2fsourceware.org%2fcygwin%2f/x86_64/release/file/file-5.32-1.tar.xz
2019/06/20 20:40:06 Downloaded D:\Usb\temp\Cygwin/ftp%3a%2f%2fftp.twaren.net%2fUnix%2fsourceware.org%2fcygwin%2f/x86_64/release/gettext/libintl8/libintl8-0.19.8.1-2.tar.xz
2019/06/20 20:40:09 Downloaded D:\Usb\temp\Cygwin/ftp%3a%2f%2fftp.twaren.net%2fUnix%2fsourceware.org%2fcygwin%2f/x86_64/release/gcc/libstdc++6/libstdc++6-7.4.0-1.tar.xz
2019/06/20 20:40:13 Downloaded D:\Usb\temp\Cygwin/ftp%3a%2f%2fftp.twaren.net%2fUnix%2fsourceware.org%2fcygwin%2f/x86_64/release/mpfr/libmpfr6/libmpfr6-4.0.2-1.tar.xz
2019/06/20 20:40:15 Downloaded D:\Usb\temp\Cygwin/ftp%3a%2f%2fftp.twaren.net%2fUnix%2fsourceware.org%2fcygwin%2f/x86_64/release/getent/getent-2.18.90-4.tar.xz
2019/06/20 20:40:17 Downloaded D:\Usb\temp\Cygwin/ftp%3a%2f%2fftp.twaren.net%2fUnix%2fsourceware.org%2fcygwin%2f/noarch/release/_autorebase/_autorebase-001007-1.tar.xz
2019/06/20 20:40:23 Downloaded D:\Usb\temp\Cygwin/ftp%3a%2f%2fftp.twaren.net%2fUnix%2fsourceware.org%2fcygwin%2f/x86_64/release/vim/vim-minimal/vim-minimal-8.1.1240-1.tar.xz
2019/06/20 20:40:26 Downloaded D:\Usb\temp\Cygwin/ftp%3a%2f%2fftp.twaren.net%2fUnix%2fsourceware.org%2fcygwin%2f/x86_64/release/ncurses/ncurses-6.0-12.20171125.tar.xz
2019/06/20 20:40:29 Downloaded D:\Usb\temp\Cygwin/ftp%3a%2f%2fftp.twaren.net%2fUnix%2fsourceware.org%2fcygwin%2f/x86_64/release/readline/libreadline7/libreadline7-7.0.3-3.tar.xz
2019/06/20 20:40:32 Downloaded D:\Usb\temp\Cygwin/ftp%3a%2f%2fftp.twaren.net%2fUnix%2fsourceware.org%2fcygwin%2f/x86_64/release/less/less-530-1.tar.xz
2019/06/20 20:40:36 Downloaded D:\Usb\temp\Cygwin/ftp%3a%2f%2fftp.twaren.net%2fUnix%2fsourceware.org%2fcygwin%2f/x86_64/release/sed/sed-4.4-1.tar.xz
2019/06/20 20:40:38 Downloaded D:\Usb\temp\Cygwin/ftp%3a%2f%2fftp.twaren.net%2fUnix%2fsourceware.org%2fcygwin%2f/x86_64/release/util-linux/libuuid1/libuuid1-2.33.1-1.tar.xz
2019/06/20 20:40:41 Downloaded D:\Usb\temp\Cygwin/ftp%3a%2f%2fftp.twaren.net%2fUnix%2fsourceware.org%2fcygwin%2f/x86_64/release/util-linux/libsmartcols1/libsmartcols1-2.33.1-1.tar.xz
2019/06/20 20:40:44 Downloaded D:\Usb\temp\Cygwin/ftp%3a%2f%2fftp.twaren.net%2fUnix%2fsourceware.org%2fcygwin%2f/x86_64/release/popt/libpopt0/libpopt0-1.16-2.tar.xz
2019/06/20 20:40:47 Downloaded D:\Usb\temp\Cygwin/ftp%3a%2f%2fftp.twaren.net%2fUnix%2fsourceware.org%2fcygwin%2f/x86_64/release/p11-kit/libp11-kit0/libp11-kit0-0.23.15-1.tar.xz
2019/06/20 20:40:50 Downloaded D:\Usb\temp\Cygwin/ftp%3a%2f%2fftp.twaren.net%2fUnix%2fsourceware.org%2fcygwin%2f/x86_64/release/libiconv/libiconv-1.14-3.tar.xz
2019/06/20 20:40:53 Downloaded D:\Usb\temp\Cygwin/ftp%3a%2f%2fftp.twaren.net%2fUnix%2fsourceware.org%2fcygwin%2f/x86_64/release/gdbm/libgdbm4/libgdbm4-1.12-1.tar.xz
2019/06/20 20:40:55 Downloaded D:\Usb\temp\Cygwin/ftp%3a%2f%2fftp.twaren.net%2fUnix%2fsourceware.org%2fcygwin%2f/x86_64/release/attr/libattr1/libattr1-2.4.48-2.tar.xz
2019/06/20 20:41:00 Downloaded D:\Usb\temp\Cygwin/ftp%3a%2f%2fftp.twaren.net%2fUnix%2fsourceware.org%2fcygwin%2f/x86_64/release/texinfo/info/info-6.6-1.tar.xz
2019/06/20 20:41:04 Downloaded D:\Usb\temp\Cygwin/ftp%3a%2f%2fftp.twaren.net%2fUnix%2fsourceware.org%2fcygwin%2f/x86_64/release/diffutils/diffutils-3.5-2.tar.xz
2019/06/20 20:41:07 Downloaded D:\Usb\temp\Cygwin/ftp%3a%2f%2fftp.twaren.net%2fUnix%2fsourceware.org%2fcygwin%2f/x86_64/release/alternatives/alternatives-1.3.30c-10.tar.bz2
2019/06/20 20:41:14 Downloaded D:\Usb\temp\Cygwin/ftp%3a%2f%2fftp.twaren.net%2fUnix%2fsourceware.org%2fcygwin%2f/x86_64/release/gawk/gawk-5.0.1-1.tar.xz
2019/06/20 20:41:17 Downloaded D:\Usb\temp\Cygwin/ftp%3a%2f%2fftp.twaren.net%2fUnix%2fsourceware.org%2fcygwin%2f/x86_64/release/util-linux/libblkid1/libblkid1-2.33.1-1.tar.xz
2019/06/20 20:41:20 Downloaded D:\Usb\temp\Cygwin/ftp%3a%2f%2fftp.twaren.net%2fUnix%2fsourceware.org%2fcygwin%2f/x86_64/release/cygutils/cygutils-1.4.16-2.tar.xz
2019/06/20 20:41:23 Downloaded D:\Usb\temp\Cygwin/ftp%3a%2f%2fftp.twaren.net%2fUnix%2fsourceware.org%2fcygwin%2f/x86_64/release/p11-kit/p11-kit-trust/p11-kit-trust-0.23.15-1.tar.xz
2019/06/20 20:41:26 Downloaded D:\Usb\temp\Cygwin/ftp%3a%2f%2fftp.twaren.net%2fUnix%2fsourceware.org%2fcygwin%2f/x86_64/release/p11-kit/p11-kit-0.23.15-1.tar.xz
2019/06/20 20:41:35 Downloaded D:\Usb\temp\Cygwin/ftp%3a%2f%2fftp.twaren.net%2fUnix%2fsourceware.org%2fcygwin%2f/x86_64/release/coreutils/coreutils-8.26-2.tar.xz
2019/06/20 20:41:38 Downloaded D:\Usb\temp\Cygwin/ftp%3a%2f%2fftp.twaren.net%2fUnix%2fsourceware.org%2fcygwin%2f/x86_64/release/util-linux/libfdisk1/libfdisk1-2.33.1-1.tar.xz
2019/06/20 20:41:45 Downloaded D:\Usb\temp\Cygwin/ftp%3a%2f%2fftp.twaren.net%2fUnix%2fsourceware.org%2fcygwin%2f/x86_64/release/bash/bash-4.4.12-3.tar.xz
2019/06/20 20:41:51 Downloaded D:\Usb\temp\Cygwin/ftp%3a%2f%2fftp.twaren.net%2fUnix%2fsourceware.org%2fcygwin%2f/x86_64/release/util-linux/util-linux-2.33.1-1.tar.xz
2019/06/20 20:41:54 Downloaded D:\Usb\temp\Cygwin/ftp%3a%2f%2fftp.twaren.net%2fUnix%2fsourceware.org%2fcygwin%2f/x86_64/release/tzcode/tzcode-2018i-1.tar.xz
2019/06/20 20:41:58 Downloaded D:\Usb\temp\Cygwin/ftp%3a%2f%2fftp.twaren.net%2fUnix%2fsourceware.org%2fcygwin%2f/x86_64/release/xz/xz-5.2.3-1.tar.xz
2019/06/20 20:42:01 Downloaded D:\Usb\temp\Cygwin/ftp%3a%2f%2fftp.twaren.net%2fUnix%2fsourceware.org%2fcygwin%2f/x86_64/release/gzip/gzip-1.8-1.tar.xz
2019/06/20 20:42:09 Downloaded D:\Usb\temp\Cygwin/ftp%3a%2f%2fftp.twaren.net%2fUnix%2fsourceware.org%2fcygwin%2f/x86_64/release/groff/groff-1.22.4-1.tar.xz
2019/06/20 20:42:13 Downloaded D:\Usb\temp\Cygwin/ftp%3a%2f%2fftp.twaren.net%2fUnix%2fsourceware.org%2fcygwin%2f/x86_64/release/grep/grep-3.0-2.tar.xz
2019/06/20 20:42:18 Downloaded D:\Usb\temp\Cygwin/ftp%3a%2f%2fftp.twaren.net%2fUnix%2fsourceware.org%2fcygwin%2f/x86_64/release/findutils/findutils-4.6.0-1.tar.xz
2019/06/20 20:42:20 Downloaded D:\Usb\temp\Cygwin/ftp%3a%2f%2fftp.twaren.net%2fUnix%2fsourceware.org%2fcygwin%2f/noarch/release/crypto-policies/crypto-policies-20190218-1.tar.xz
2019/06/20 20:42:24 Downloaded D:\Usb\temp\Cygwin/ftp%3a%2f%2fftp.twaren.net%2fUnix%2fsourceware.org%2fcygwin%2f/noarch/release/ca-certificates/ca-certificates-2.30-1.tar.xz
2019/06/20 20:42:27 Downloaded D:\Usb\temp\Cygwin/ftp%3a%2f%2fftp.twaren.net%2fUnix%2fsourceware.org%2fcygwin%2f/x86_64/release/bzip2/bzip2-1.0.6-3.tar.xz
2019/06/20 20:42:33 Downloaded D:\Usb\temp\Cygwin/ftp%3a%2f%2fftp.twaren.net%2fUnix%2fsourceware.org%2fcygwin%2f/x86_64/release/man-db/man-db-2.7.6.1-1.tar.xz
2019/06/20 20:42:36 Downloaded D:\Usb\temp\Cygwin/ftp%3a%2f%2fftp.twaren.net%2fUnix%2fsourceware.org%2fcygwin%2f/x86_64/release/rebase/rebase-4.4.4-1.tar.xz
2019/06/20 20:42:39 Downloaded D:\Usb\temp\Cygwin/ftp%3a%2f%2fftp.twaren.net%2fUnix%2fsourceware.org%2fcygwin%2f/noarch/release/base-files/base-files-4.3-2.tar.xz
2019/06/20 20:42:46 Downloaded D:\Usb\temp\Cygwin/ftp%3a%2f%2fftp.twaren.net%2fUnix%2fsourceware.org%2fcygwin%2f/x86_64/release/openssl/libssl1.1/libssl1.1-1.1.1b-1.tar.xz
2019/06/20 20:42:51 Downloaded D:\Usb\temp\Cygwin/ftp%3a%2f%2fftp.twaren.net%2fUnix%2fsourceware.org%2fcygwin%2f/x86_64/release/tar/tar-1.29-1.tar.xz
2019/06/20 20:42:57 Downloaded D:\Usb\temp\Cygwin/ftp%3a%2f%2fftp.twaren.net%2fUnix%2fsourceware.org%2fcygwin%2f/x86_64/release/openssl/openssl-1.1.1b-1.tar.xz
2019/06/20 20:45:53 note: Download Complete
2019/06/20 20:45:53 Ending cygwin install
2019/06/20 20:47:32 Starting cygwin install, version 2.897
2019/06/20 20:47:32 User has backup/restore rights
2019/06/20 20:47:32 Current Directory: D:\Usb\temp\Cygwin
2019/06/20 20:47:32 Could not open service McShield for query, start and stop. McAfee may not be installed, or we don't have access.
2019/06/20 20:47:34 source: download
2019/06/20 20:47:35 Selected local directory: D:\Usb\temp\Cygwin
2019/06/20 20:47:37 net: Preconfig
2019/06/20 20:47:44 site: http://cygwin.mirrors.hoobly.com/
2019/06/20 20:47:45 HTTP status 404 fetching http://cygwin.mirrors.hoobly.com/x86_64/setup.zst.sig
2019/06/20 20:47:45 HTTP status 404 fetching http://cygwin.mirrors.hoobly.com/x86_64/setup.zst
2019/06/20 20:47:51 io_stream_cygfile: fopen(/etc/setup/installed.db) failed 2 No such file or directory
2019/06/20 20:47:52 solving: 37 tasks, update: yes, use test packages: no
2019/06/20 20:49:02 solving: 72 tasks, update: no, use test packages: no
2019/06/20 20:49:02 Augmented Transaction List:
2019/06/20 20:49:02    0 install                                     base-cygwin               3.8-1
2019/06/20 20:49:02    1 install                                          cygwin             3.0.7-1
2019/06/20 20:49:02    2 install                                  libpopt-common              1.16-2
2019/06/20 20:49:02    3 install                                        terminfo     6.0-12.20171125
2019/06/20 20:49:02    4 install                                          tzdata             2018i-1
2019/06/20 20:49:02    5 install                                    cygwin-devel             3.0.7-1
2019/06/20 20:49:02    6 install                                  w32api-headers             5.0.4-1
2019/06/20 20:49:02    7 install                        windows-default-manifest               6.4-1
2019/06/20 20:49:02    8 install                                      libatomic1             7.4.0-1
2019/06/20 20:49:02    9 install                                           zlib0            1.2.11-1
2019/06/20 20:49:02   10 install                                           which              2.20-2
2019/06/20 20:49:02   11 install                                             run             1.3.4-2
2019/06/20 20:49:02   12 install                                          mintty             3.0.1-1
2019/06/20 20:49:02   13 install                                           login              1.13-1
2019/06/20 20:49:02   14 install                                      libtasn1_6              4.13-1
2019/06/20 20:49:02   15 install                                     libsigsegv2              2.10-2
2019/06/20 20:49:02   16 install                                    libpipeline1             1.4.0-1
2019/06/20 20:49:02   17 install                                        libpcre1              8.43-1
2019/06/20 20:49:02   18 install                                        liblzma5             5.2.3-1
2019/06/20 20:49:02   19 install                                       libiconv2              1.14-3
2019/06/20 20:49:02   20 install                                        libgmp10             6.1.2-1
2019/06/20 20:49:02   21 install                                         libgcc1             7.4.0-1
2019/06/20 20:49:02   22 install                                         libffi6             3.2.1-2
2019/06/20 20:49:02   23 install                                        libbz2_1             1.0.6-3
2019/06/20 20:49:02   24 install                                         libargp          20110921-3
2019/06/20 20:49:02   25 install                                       ipc-utils               1.0-2
2019/06/20 20:49:02   26 install                                        hostname              3.13-1
2019/06/20 20:49:02   27 install                                      editrights              1.03-1
2019/06/20 20:49:02   28 install                                            dash           0.5.9.1-1
2019/06/20 20:49:02   29 install                                   libncursesw10     6.0-12.20171125
2019/06/20 20:49:02   30 install                                  w32api-runtime             5.0.4-1
2019/06/20 20:49:02   31 install                                            file              5.32-1
2019/06/20 20:49:02   32 install                                        libintl8          0.19.8.1-2
2019/06/20 20:49:02   33 install                                        libisl15            0.16.1-1
2019/06/20 20:49:02   34 install                                    libquadmath0             7.4.0-1
2019/06/20 20:49:02   35 install                                        libgomp1             7.4.0-1
2019/06/20 20:49:02   36 install                                      libstdc++6             7.4.0-1
2019/06/20 20:49:02   37 install                                        libmpfr6             4.0.2-1
2019/06/20 20:49:02   38 install                                          getent           2.18.90-4
2019/06/20 20:49:02   39 install                                     _autorebase            001007-1
2019/06/20 20:49:02   40 install                                     vim-minimal          8.1.1240-1
2019/06/20 20:49:02   41 install                                         ncurses     6.0-12.20171125
2019/06/20 20:49:02   42 install                                    libreadline7             7.0.3-3
2019/06/20 20:49:02   43 install                                            less               530-1
2019/06/20 20:49:02   44 install                                        binutils              2.29-1
2019/06/20 20:49:02   45 install                                             sed               4.4-1
2019/06/20 20:49:02   46 install                                        libuuid1            2.33.1-1
2019/06/20 20:49:02   47 install                                   libsmartcols1            2.33.1-1
2019/06/20 20:49:02   48 install                                        libpopt0              1.16-2
2019/06/20 20:49:02   49 install                                     libp11-kit0           0.23.15-1
2019/06/20 20:49:02   50 install                                        libiconv              1.14-3
2019/06/20 20:49:02   51 install                                        libgdbm4              1.12-1
2019/06/20 20:49:02   52 install                                        libattr1            2.4.48-2
2019/06/20 20:49:02   53 install                                            info               6.6-1
2019/06/20 20:49:02   54 install                                       diffutils               3.5-2
2019/06/20 20:49:02   55 install                                    alternatives          1.3.30c-10
2019/06/20 20:49:02   56 install                                         libmpc3             1.1.0-1
2019/06/20 20:49:02   57 install                                            gawk             5.0.1-1
2019/06/20 20:49:02   58 install                                       libblkid1            2.33.1-1
2019/06/20 20:49:02   59 install                                        cygutils            1.4.16-2
2019/06/20 20:49:02   60 install                                   p11-kit-trust           0.23.15-1
2019/06/20 20:49:02   61 install                                         p11-kit           0.23.15-1
2019/06/20 20:49:02   62 install                                       coreutils              8.26-2
2019/06/20 20:49:02   63 install                                       libfdisk1            2.33.1-1
2019/06/20 20:49:02   64 install                                            bash            4.4.12-3
2019/06/20 20:49:02   65 install                                      util-linux            2.33.1-1
2019/06/20 20:49:02   66 install                                          tzcode             2018i-1
2019/06/20 20:49:02   67 install                                        gcc-core             7.4.0-1
2019/06/20 20:49:02   68 install                                              xz             5.2.3-1
2019/06/20 20:49:02   69 install                                            gzip               1.8-1
2019/06/20 20:49:02   70 install                                           groff            1.22.4-1
2019/06/20 20:49:02   71 install                                            grep               3.0-2
2019/06/20 20:49:02   72 install                                       findutils             4.6.0-1
2019/06/20 20:49:02   73 install                                 crypto-policies          20190218-1
2019/06/20 20:49:02   74 install                                 ca-certificates              2.30-1
2019/06/20 20:49:02   75 install                                           bzip2             1.0.6-3
2019/06/20 20:49:02   76 install                                         gcc-g++             7.4.0-1
2019/06/20 20:49:02   77 install                                          man-db           2.7.6.1-1
2019/06/20 20:49:02   78 install                                          rebase             4.4.4-1
2019/06/20 20:49:02   79 install                                      base-files               4.3-2
2019/06/20 20:49:02   80 install                                       libssl1.1            1.1.1b-1
2019/06/20 20:49:02   81 install                                             tar              1.29-1
2019/06/20 20:49:02   82 install                                         openssl            1.1.1b-1
2019/06/20 20:49:06 Downloaded D:\Usb\temp\Cygwin/http%3a%2f%2fcygwin.mirrors.hoobly.com%2f/noarch/release/base-cygwin/base-cygwin-3.8-1.tar.xz
2019/06/20 20:49:09 Downloaded D:\Usb\temp\Cygwin/http%3a%2f%2fcygwin.mirrors.hoobly.com%2f/x86_64/release/cygwin/cygwin-3.0.7-1.tar.xz
2019/06/20 20:49:09 Downloaded D:\Usb\temp\Cygwin/http%3a%2f%2fcygwin.mirrors.hoobly.com%2f/x86_64/release/popt/libpopt-common/libpopt-common-1.16-2.tar.xz
2019/06/20 20:49:10 Downloaded D:\Usb\temp\Cygwin/http%3a%2f%2fcygwin.mirrors.hoobly.com%2f/x86_64/release/ncurses/terminfo/terminfo-6.0-12.20171125.tar.xz
2019/06/20 20:49:10 Downloaded D:\Usb\temp\Cygwin/http%3a%2f%2fcygwin.mirrors.hoobly.com%2f/noarch/release/tzdata/tzdata-2018i-1.tar.xz
2019/06/20 20:49:10 Downloaded D:\Usb\temp\Cygwin/http%3a%2f%2fcygwin.mirrors.hoobly.com%2f/x86_64/release/cygwin/cygwin-devel/cygwin-devel-3.0.7-1.tar.xz
2019/06/20 20:49:15 Downloaded D:\Usb\temp\Cygwin/http%3a%2f%2fcygwin.mirrors.hoobly.com%2f/x86_64/release/w32api-headers/w32api-headers-5.0.4-1.tar.xz
2019/06/20 20:49:15 Downloaded D:\Usb\temp\Cygwin/http%3a%2f%2fcygwin.mirrors.hoobly.com%2f/x86_64/release/windows-default-manifest/windows-default-manifest-6.4-1.tar.xz
2019/06/20 20:49:16 Downloaded D:\Usb\temp\Cygwin/http%3a%2f%2fcygwin.mirrors.hoobly.com%2f/x86_64/release/gcc/libatomic1/libatomic1-7.4.0-1.tar.xz
2019/06/20 20:49:16 Downloaded D:\Usb\temp\Cygwin/http%3a%2f%2fcygwin.mirrors.hoobly.com%2f/x86_64/release/zlib/zlib0/zlib0-1.2.11-1.tar.xz
2019/06/20 20:49:16 Downloaded D:\Usb\temp\Cygwin/http%3a%2f%2fcygwin.mirrors.hoobly.com%2f/x86_64/release/which/which-2.20-2.tar.bz2
2019/06/20 20:49:17 Downloaded D:\Usb\temp\Cygwin/http%3a%2f%2fcygwin.mirrors.hoobly.com%2f/x86_64/release/run/run-1.3.4-2.tar.xz
2019/06/20 20:49:17 Downloaded D:\Usb\temp\Cygwin/http%3a%2f%2fcygwin.mirrors.hoobly.com%2f/x86_64/release/mintty/mintty-3.0.1-1.tar.xz
2019/06/20 20:49:18 Downloaded D:\Usb\temp\Cygwin/http%3a%2f%2fcygwin.mirrors.hoobly.com%2f/x86_64/release/login/login-1.13-1.tar.xz
2019/06/20 20:49:18 Downloaded D:\Usb\temp\Cygwin/http%3a%2f%2fcygwin.mirrors.hoobly.com%2f/x86_64/release/libtasn1/libtasn1_6/libtasn1_6-4.13-1.tar.xz
2019/06/20 20:49:18 Downloaded D:\Usb\temp\Cygwin/http%3a%2f%2fcygwin.mirrors.hoobly.com%2f/x86_64/release/libsigsegv/libsigsegv2/libsigsegv2-2.10-2.tar.xz
2019/06/20 20:49:19 Downloaded D:\Usb\temp\Cygwin/http%3a%2f%2fcygwin.mirrors.hoobly.com%2f/x86_64/release/libpipeline/libpipeline1/libpipeline1-1.4.0-1.tar.xz
2019/06/20 20:49:19 Downloaded D:\Usb\temp\Cygwin/http%3a%2f%2fcygwin.mirrors.hoobly.com%2f/x86_64/release/pcre/libpcre1/libpcre1-8.43-1.tar.xz
2019/06/20 20:49:19 Downloaded D:\Usb\temp\Cygwin/http%3a%2f%2fcygwin.mirrors.hoobly.com%2f/x86_64/release/xz/liblzma5/liblzma5-5.2.3-1.tar.xz
2019/06/20 20:49:20 Downloaded D:\Usb\temp\Cygwin/http%3a%2f%2fcygwin.mirrors.hoobly.com%2f/x86_64/release/libiconv/libiconv2/libiconv2-1.14-3.tar.xz
2019/06/20 20:49:20 Downloaded D:\Usb\temp\Cygwin/http%3a%2f%2fcygwin.mirrors.hoobly.com%2f/x86_64/release/gmp/libgmp10/libgmp10-6.1.2-1.tar.xz
2019/06/20 20:49:21 Downloaded D:\Usb\temp\Cygwin/http%3a%2f%2fcygwin.mirrors.hoobly.com%2f/x86_64/release/gcc/libgcc1/libgcc1-7.4.0-1.tar.xz
2019/06/20 20:49:21 Downloaded D:\Usb\temp\Cygwin/http%3a%2f%2fcygwin.mirrors.hoobly.com%2f/x86_64/release/libffi/libffi6/libffi6-3.2.1-2.tar.xz
2019/06/20 20:49:21 Downloaded D:\Usb\temp\Cygwin/http%3a%2f%2fcygwin.mirrors.hoobly.com%2f/x86_64/release/bzip2/libbz2_1/libbz2_1-1.0.6-3.tar.xz
2019/06/20 20:49:22 Downloaded D:\Usb\temp\Cygwin/http%3a%2f%2fcygwin.mirrors.hoobly.com%2f/x86_64/release/libargp/libargp-20110921-3.tar.xz
2019/06/20 20:49:22 Downloaded D:\Usb\temp\Cygwin/http%3a%2f%2fcygwin.mirrors.hoobly.com%2f/x86_64/release/ipc-utils/ipc-utils-1.0-2.tar.bz2
2019/06/20 20:49:22 Downloaded D:\Usb\temp\Cygwin/http%3a%2f%2fcygwin.mirrors.hoobly.com%2f/x86_64/release/hostname/hostname-3.13-1.tar.bz2
2019/06/20 20:49:23 Downloaded D:\Usb\temp\Cygwin/http%3a%2f%2fcygwin.mirrors.hoobly.com%2f/x86_64/release/editrights/editrights-1.03-1.tar.xz
2019/06/20 20:49:23 Downloaded D:\Usb\temp\Cygwin/http%3a%2f%2fcygwin.mirrors.hoobly.com%2f/x86_64/release/dash/dash-0.5.9.1-1.tar.xz
2019/06/20 20:49:23 Downloaded D:\Usb\temp\Cygwin/http%3a%2f%2fcygwin.mirrors.hoobly.com%2f/x86_64/release/ncurses/libncursesw10/libncursesw10-6.0-12.20171125.tar.xz
2019/06/20 20:49:26 Downloaded D:\Usb\temp\Cygwin/http%3a%2f%2fcygwin.mirrors.hoobly.com%2f/x86_64/release/w32api-runtime/w32api-runtime-5.0.4-1.tar.xz
2019/06/20 20:49:27 Downloaded D:\Usb\temp\Cygwin/http%3a%2f%2fcygwin.mirrors.hoobly.com%2f/x86_64/release/file/file-5.32-1.tar.xz
2019/06/20 20:49:27 Downloaded D:\Usb\temp\Cygwin/http%3a%2f%2fcygwin.mirrors.hoobly.com%2f/x86_64/release/gettext/libintl8/libintl8-0.19.8.1-2.tar.xz
2019/06/20 20:49:28 Downloaded D:\Usb\temp\Cygwin/http%3a%2f%2fcygwin.mirrors.hoobly.com%2f/x86_64/release/isl/libisl15/libisl15-0.16.1-1.tar.xz
2019/06/20 20:49:28 Downloaded D:\Usb\temp\Cygwin/http%3a%2f%2fcygwin.mirrors.hoobly.com%2f/x86_64/release/gcc/libquadmath0/libquadmath0-7.4.0-1.tar.xz
2019/06/20 20:49:29 Downloaded D:\Usb\temp\Cygwin/http%3a%2f%2fcygwin.mirrors.hoobly.com%2f/x86_64/release/gcc/libgomp1/libgomp1-7.4.0-1.tar.xz
2019/06/20 20:49:29 Downloaded D:\Usb\temp\Cygwin/http%3a%2f%2fcygwin.mirrors.hoobly.com%2f/x86_64/release/gcc/libstdc++6/libstdc++6-7.4.0-1.tar.xz
2019/06/20 20:49:30 Downloaded D:\Usb\temp\Cygwin/http%3a%2f%2fcygwin.mirrors.hoobly.com%2f/x86_64/release/mpfr/libmpfr6/libmpfr6-4.0.2-1.tar.xz
2019/06/20 20:49:30 Downloaded D:\Usb\temp\Cygwin/http%3a%2f%2fcygwin.mirrors.hoobly.com%2f/x86_64/release/getent/getent-2.18.90-4.tar.xz
2019/06/20 20:49:30 Downloaded D:\Usb\temp\Cygwin/http%3a%2f%2fcygwin.mirrors.hoobly.com%2f/noarch/release/_autorebase/_autorebase-001007-1.tar.xz
2019/06/20 20:49:31 Downloaded D:\Usb\temp\Cygwin/http%3a%2f%2fcygwin.mirrors.hoobly.com%2f/x86_64/release/vim/vim-minimal/vim-minimal-8.1.1240-1.tar.xz
2019/06/20 20:49:32 Downloaded D:\Usb\temp\Cygwin/http%3a%2f%2fcygwin.mirrors.hoobly.com%2f/x86_64/release/ncurses/ncurses-6.0-12.20171125.tar.xz
2019/06/20 20:49:32 Downloaded D:\Usb\temp\Cygwin/http%3a%2f%2fcygwin.mirrors.hoobly.com%2f/x86_64/release/readline/libreadline7/libreadline7-7.0.3-3.tar.xz
2019/06/20 20:49:33 Downloaded D:\Usb\temp\Cygwin/http%3a%2f%2fcygwin.mirrors.hoobly.com%2f/x86_64/release/less/less-530-1.tar.xz
2019/06/20 20:49:40 Downloaded D:\Usb\temp\Cygwin/http%3a%2f%2fcygwin.mirrors.hoobly.com%2f/x86_64/release/binutils/binutils-2.29-1.tar.xz
2019/06/20 20:49:40 Downloaded D:\Usb\temp\Cygwin/http%3a%2f%2fcygwin.mirrors.hoobly.com%2f/x86_64/release/sed/sed-4.4-1.tar.xz
2019/06/20 20:49:40 Downloaded D:\Usb\temp\Cygwin/http%3a%2f%2fcygwin.mirrors.hoobly.com%2f/x86_64/release/util-linux/libuuid1/libuuid1-2.33.1-1.tar.xz
2019/06/20 20:49:41 Downloaded D:\Usb\temp\Cygwin/http%3a%2f%2fcygwin.mirrors.hoobly.com%2f/x86_64/release/util-linux/libsmartcols1/libsmartcols1-2.33.1-1.tar.xz
2019/06/20 20:49:41 Downloaded D:\Usb\temp\Cygwin/http%3a%2f%2fcygwin.mirrors.hoobly.com%2f/x86_64/release/popt/libpopt0/libpopt0-1.16-2.tar.xz
2019/06/20 20:49:41 Downloaded D:\Usb\temp\Cygwin/http%3a%2f%2fcygwin.mirrors.hoobly.com%2f/x86_64/release/p11-kit/libp11-kit0/libp11-kit0-0.23.15-1.tar.xz
2019/06/20 20:49:42 Downloaded D:\Usb\temp\Cygwin/http%3a%2f%2fcygwin.mirrors.hoobly.com%2f/x86_64/release/libiconv/libiconv-1.14-3.tar.xz
2019/06/20 20:49:42 Downloaded D:\Usb\temp\Cygwin/http%3a%2f%2fcygwin.mirrors.hoobly.com%2f/x86_64/release/gdbm/libgdbm4/libgdbm4-1.12-1.tar.xz
2019/06/20 20:49:42 Downloaded D:\Usb\temp\Cygwin/http%3a%2f%2fcygwin.mirrors.hoobly.com%2f/x86_64/release/attr/libattr1/libattr1-2.4.48-2.tar.xz
2019/06/20 20:49:43 Downloaded D:\Usb\temp\Cygwin/http%3a%2f%2fcygwin.mirrors.hoobly.com%2f/x86_64/release/texinfo/info/info-6.6-1.tar.xz
2019/06/20 20:49:43 Downloaded D:\Usb\temp\Cygwin/http%3a%2f%2fcygwin.mirrors.hoobly.com%2f/x86_64/release/diffutils/diffutils-3.5-2.tar.xz
2019/06/20 20:49:44 Downloaded D:\Usb\temp\Cygwin/http%3a%2f%2fcygwin.mirrors.hoobly.com%2f/x86_64/release/alternatives/alternatives-1.3.30c-10.tar.bz2
2019/06/20 20:49:44 Downloaded D:\Usb\temp\Cygwin/http%3a%2f%2fcygwin.mirrors.hoobly.com%2f/x86_64/release/mpclib/libmpc3/libmpc3-1.1.0-1.tar.xz
2019/06/20 20:49:45 Downloaded D:\Usb\temp\Cygwin/http%3a%2f%2fcygwin.mirrors.hoobly.com%2f/x86_64/release/gawk/gawk-5.0.1-1.tar.xz
2019/06/20 20:49:46 Downloaded D:\Usb\temp\Cygwin/http%3a%2f%2fcygwin.mirrors.hoobly.com%2f/x86_64/release/util-linux/libblkid1/libblkid1-2.33.1-1.tar.xz
2019/06/20 20:49:46 Downloaded D:\Usb\temp\Cygwin/http%3a%2f%2fcygwin.mirrors.hoobly.com%2f/x86_64/release/cygutils/cygutils-1.4.16-2.tar.xz
2019/06/20 20:49:46 Downloaded D:\Usb\temp\Cygwin/http%3a%2f%2fcygwin.mirrors.hoobly.com%2f/x86_64/release/p11-kit/p11-kit-trust/p11-kit-trust-0.23.15-1.tar.xz
2019/06/20 20:49:47 Downloaded D:\Usb\temp\Cygwin/http%3a%2f%2fcygwin.mirrors.hoobly.com%2f/x86_64/release/p11-kit/p11-kit-0.23.15-1.tar.xz
2019/06/20 20:49:50 Downloaded D:\Usb\temp\Cygwin/http%3a%2f%2fcygwin.mirrors.hoobly.com%2f/x86_64/release/coreutils/coreutils-8.26-2.tar.xz
2019/06/20 20:49:50 Downloaded D:\Usb\temp\Cygwin/http%3a%2f%2fcygwin.mirrors.hoobly.com%2f/x86_64/release/util-linux/libfdisk1/libfdisk1-2.33.1-1.tar.xz
2019/06/20 20:49:52 Downloaded D:\Usb\temp\Cygwin/http%3a%2f%2fcygwin.mirrors.hoobly.com%2f/x86_64/release/bash/bash-4.4.12-3.tar.xz
2019/06/20 20:49:54 Downloaded D:\Usb\temp\Cygwin/http%3a%2f%2fcygwin.mirrors.hoobly.com%2f/x86_64/release/util-linux/util-linux-2.33.1-1.tar.xz
2019/06/20 20:49:55 Downloaded D:\Usb\temp\Cygwin/http%3a%2f%2fcygwin.mirrors.hoobly.com%2f/x86_64/release/tzcode/tzcode-2018i-1.tar.xz
2019/06/20 20:50:14 Downloaded D:\Usb\temp\Cygwin/http%3a%2f%2fcygwin.mirrors.hoobly.com%2f/x86_64/release/gcc/gcc-core/gcc-core-7.4.0-1.tar.xz
2019/06/20 20:50:14 Downloaded D:\Usb\temp\Cygwin/http%3a%2f%2fcygwin.mirrors.hoobly.com%2f/x86_64/release/xz/xz-5.2.3-1.tar.xz
2019/06/20 20:50:15 Downloaded D:\Usb\temp\Cygwin/http%3a%2f%2fcygwin.mirrors.hoobly.com%2f/x86_64/release/gzip/gzip-1.8-1.tar.xz
2019/06/20 20:50:18 Downloaded D:\Usb\temp\Cygwin/http%3a%2f%2fcygwin.mirrors.hoobly.com%2f/x86_64/release/groff/groff-1.22.4-1.tar.xz
2019/06/20 20:50:18 Downloaded D:\Usb\temp\Cygwin/http%3a%2f%2fcygwin.mirrors.hoobly.com%2f/x86_64/release/grep/grep-3.0-2.tar.xz
2019/06/20 20:50:19 Downloaded D:\Usb\temp\Cygwin/http%3a%2f%2fcygwin.mirrors.hoobly.com%2f/x86_64/release/findutils/findutils-4.6.0-1.tar.xz
2019/06/20 20:50:20 Downloaded D:\Usb\temp\Cygwin/http%3a%2f%2fcygwin.mirrors.hoobly.com%2f/noarch/release/crypto-policies/crypto-policies-20190218-1.tar.xz
2019/06/20 20:50:20 Downloaded D:\Usb\temp\Cygwin/http%3a%2f%2fcygwin.mirrors.hoobly.com%2f/noarch/release/ca-certificates/ca-certificates-2.30-1.tar.xz
2019/06/20 20:50:21 Downloaded D:\Usb\temp\Cygwin/http%3a%2f%2fcygwin.mirrors.hoobly.com%2f/x86_64/release/bzip2/bzip2-1.0.6-3.tar.xz
2019/06/20 20:50:34 Downloaded D:\Usb\temp\Cygwin/http%3a%2f%2fcygwin.mirrors.hoobly.com%2f/x86_64/release/gcc/gcc-g++/gcc-g++-7.4.0-1.tar.xz
2019/06/20 20:50:35 Downloaded D:\Usb\temp\Cygwin/http%3a%2f%2fcygwin.mirrors.hoobly.com%2f/x86_64/release/man-db/man-db-2.7.6.1-1.tar.xz
2019/06/20 20:50:35 Downloaded D:\Usb\temp\Cygwin/http%3a%2f%2fcygwin.mirrors.hoobly.com%2f/x86_64/release/rebase/rebase-4.4.4-1.tar.xz
2019/06/20 20:50:36 Downloaded D:\Usb\temp\Cygwin/http%3a%2f%2fcygwin.mirrors.hoobly.com%2f/noarch/release/base-files/base-files-4.3-2.tar.xz
2019/06/20 20:50:37 Downloaded D:\Usb\temp\Cygwin/http%3a%2f%2fcygwin.mirrors.hoobly.com%2f/x86_64/release/openssl/libssl1.1/libssl1.1-1.1.1b-1.tar.xz
2019/06/20 20:50:38 Downloaded D:\Usb\temp\Cygwin/http%3a%2f%2fcygwin.mirrors.hoobly.com%2f/x86_64/release/tar/tar-1.29-1.tar.xz
2019/06/20 20:50:39 Downloaded D:\Usb\temp\Cygwin/http%3a%2f%2fcygwin.mirrors.hoobly.com%2f/x86_64/release/openssl/openssl-1.1.1b-1.tar.xz
2019/06/20 20:52:32 note: Download Complete
2019/06/20 20:52:32 Ending cygwin install
